{"time":"2025-10-10T16:58:57.387Z","ip":"::1","usuario":"Neemias","ok":false,"reason":"wrong_password","userId":"1759866873862"}
{"time":"2025-10-10T16:58:59.985Z","ip":"::1","usuario":"Neemias","ok":false,"reason":"wrong_password","userId":"1759866873862"}
{"time":"2025-10-10T16:59:01.893Z","ip":"::1","usuario":"Neemias","userId":"1759866873862","cargo":"user","ok":true}
{"time":"2025-10-10T16:59:37.363Z","ip":"::1","usuario":"Danilo","userId":"1759865296354","cargo":"organizador","ok":true}
{"time":"2025-10-10T17:02:23.569Z","ip":"::1","usuario":"Neemias","userId":"1759866873862","cargo":"user","ok":true}
{"time":"2025-10-10T17:02:52.489Z","ip":"::1","usuario":"Neemias","userId":"1759866873862","cargo":"user","ok":true}
{"time":"2025-10-10T17:07:03.770Z","ip":"::1","usuario":"Danilo","userId":"1759865296354","cargo":"organizador","ok":true}
{"time":"2025-10-10T17:09:31.848Z","ip":"::1","usuario":"Neemias","userId":"1759866873862","cargo":"user","ok":true}
{"time":"2025-10-10T17:10:10.544Z","ip":"::1","usuario":"Danilo","userId":"1759865296354","cargo":"organizador","ok":true}
{"time":"2025-10-10T17:10:36.601Z","ip":"::1","usuario":"Neemias","userId":"1759866873862","cargo":"user","ok":true}
{"time":"2025-10-10T17:10:47.941Z","ip":"::1","usuario":"Danilo","userId":"1759865296354","cargo":"organizador","ok":true}
{"time":"2025-10-10T17:13:46.230Z","ip":"::1","usuario":"Danilo","userId":"1759865296354","cargo":"organizador","ok":true}
{"time":"2025-10-10T17:13:56.521Z","ip":"::1","usuario":"Neemias","userId":"1759866873862","cargo":"user","ok":true}
{"time":"2025-10-10T17:14:10.193Z","ip":"::1","usuario":"Danilo","userId":"1759865296354","cargo":"organizador","ok":true}
{"time":"2025-10-10T17:14:24.377Z","ip":"::1","usuario":"Neemias","userId":"1759866873862","cargo":"user","ok":true}
{"time":"2025-10-10T17:16:53.003Z","ip":"::1","usuario":"Neemias","userId":"1759866873862","cargo":"user","ok":true}
{"time":"2025-10-10T17:19:56.352Z","ip":"::1","usuario":"Neemias","userId":"1759866873862","cargo":"user","ok":true}
{"time":"2025-10-10T17:20:50.832Z","ip":"::1","usuario":"Neemias","userId":"1759866873862","cargo":"user","ok":true}
{"time":"2025-10-10T17:35:55.611Z","ip":"::1","usuario":"Danilo","userId":"1759865296354","cargo":"organizador","ok":true}
{"time":"2025-10-10T17:43:17.844Z","ip":"::1","usuario":"Danilo","userId":"1759865296354","cargo":"organizador","ok":true}
{"time":"2025-10-10T17:45:13.520Z","ip":"::1","usuario":"Danilo","userId":"1759865296354","cargo":"organizador","ok":true}
{"time":"2025-10-10T17:54:31.788Z","ip":"::1","usuario":"Danilo","userId":"1759865296354","cargo":"organizador","ok":true}
{"time":"2025-10-10T18:14:46.192Z","ip":"::ffff:127.0.0.1","usuario":"admin","userId":"admin","cargo":"admin","ok":true}
{"time":"2025-10-10T18:14:59.166Z","ip":"::1","usuario":"Danilo","userId":"1759865296354","cargo":"organizador","ok":true}
{"time":"2025-10-10T18:15:04.667Z","ip":"::1","usuario":"Danilo","ok":false,"reason":"wrong_password","userId":"1759865296354"}
{"time":"2025-10-10T18:15:07.205Z","ip":"::1","usuario":"Danilo","userId":"1759865296354","cargo":"organizador","ok":true}
